<?xml version="1.0" encoding="utf-8"?><testsuites name="pytest tests"><testsuite name="pytest" errors="0" failures="0" skipped="2" tests="88" time="7.573" timestamp="2026-01-02T00:02:35.564937+08:00" hostname="danielfoojunwei"><testcase classname="tests.e2e.test_dashboard_ui.TestDashboardE2E" name="test_dashboard_home_loads" time="2.084" /><testcase classname="tests.e2e.test_dashboard_ui.TestDashboardE2E" name="test_static_assets" time="0.006" /><testcase classname="tests.e2e.test_dashboard_ui.TestDashboardE2E" name="test_enablement_stats_api" time="0.007" /><testcase classname="tests.e2e.test_dashboard_ui.TestDashboardE2E" name="test_api_docs_accessible" time="0.002" /><testcase classname="tests.integration.test_bench_evidence.TestBenchEvidence" name="test_bench_report_generates_artifacts" time="0.100" /><testcase classname="tests.integration.test_bench_evidence.TestBenchEvidence" name="test_bench_report_determinism" time="0.162" /><testcase classname="tests.integration.test_bench_evidence.TestBenchEvidence" name="test_artifact_hashing_and_canonicalization" time="0.001" /><testcase classname="tests.integration.test_platform_api.TestPlatformAPI" name="test_platform_starts_and_serves_public" time="0.074" /><testcase classname="tests.integration.test_platform_api.TestPlatformAPI" name="test_enablement_stats_endpoint" time="0.019" /><testcase classname="tests.integration.test_platform_api.TestPlatformAPI" name="test_platform_tgsp_upload_verify_pass" time="0.029" /><testcase classname="tests.integration.test_tgsp.TestTGSP" name="test_end_to_end_flow" time="0.087" /><testcase classname="tests.integration.test_tgsp.TestTGSP" name="test_tamper_detection" time="0.102" /><testcase classname="tests.security.test_platform_security.TestPlatformSecurity" name="test_upload_path_traversal_sanitization" time="0.037" /><testcase classname="tests.security.test_security_hardening.TestSecurityHardening" name="test_no_hardcoded_secrets_in_source" time="0.029" /><testcase classname="tests.security.test_security_hardening.TestSecurityHardening" name="test_dependency_vulnerabilities" time="0.000" /><testcase classname="tests.security.test_security_hardening.TestSecurityHardening" name="test_tgsp_path_traversal_hardening" time="0.000" /><testcase classname="tests.test_edge_resilience.TestEdgeResilience" name="test_retry_configuration" time="0.001" /><testcase classname="tests.test_edge_resilience.TestEdgeResilience" name="test_success_flow" time="0.001" /><testcase classname="tests.test_edge_resilience.TestEdgeResilience" name="test_timeout_handling" time="0.001" /><testcase classname="tests.test_moai_flow" name="test_moai_flow" time="1.710" /><testcase classname="tests.unit.test_client" name="test_edge_client_init" time="0.000" /><testcase classname="tests.unit.test_client" name="test_client_missing_adapter" time="0.001" /><testcase classname="tests.unit.test_client" name="test_client_with_adapter" time="0.000" /><testcase classname="tests.unit.test_crypto.TestKeyGeneration" name="test_key_generation_basic" time="0.001" /><testcase classname="tests.unit.test_crypto.TestKeyGeneration" name="test_key_generation_ternary" time="0.000" /><testcase classname="tests.unit.test_crypto.TestKeyGeneration" name="test_key_generation_uniqueness" time="0.000" /><testcase classname="tests.unit.test_crypto.TestKeyGeneration" name="test_key_persistence" time="0.069" /><testcase classname="tests.unit.test_crypto.TestKeyGeneration" name="test_key_file_permissions" time="0.011" /><testcase classname="tests.unit.test_crypto.TestKeyGeneration" name="test_key_load_missing_file" time="0.002" /><testcase classname="tests.unit.test_crypto.TestEncryptionDecryption" name="test_single_value" time="0.003" /><testcase classname="tests.unit.test_crypto.TestEncryptionDecryption" name="test_batch_encryption" time="0.003" /><testcase classname="tests.unit.test_crypto.TestEncryptionDecryption" name="test_zero_values" time="0.003" /><testcase classname="tests.unit.test_crypto.TestEncryptionDecryption" name="test_max_plaintext_value" time="0.002" /><testcase classname="tests.unit.test_crypto.TestEncryptionDecryption" name="test_large_batch" time="0.012" /><testcase classname="tests.unit.test_crypto.TestEncryptionDecryption" name="test_encryption_stats_tracking" time="0.001" /><testcase classname="tests.unit.test_crypto.TestEncryptionDecryption" name="test_decryption_without_keys" time="0.001" /><testcase classname="tests.unit.test_crypto.TestSerialization" name="test_serialization_roundtrip" time="0.001" /><testcase classname="tests.unit.test_crypto.TestSerialization" name="test_serialization_magic_number" time="0.001" /><testcase classname="tests.unit.test_crypto.TestSerialization" name="test_deserialization_invalid_magic" time="0.001" /><testcase classname="tests.unit.test_crypto.TestSerialization" name="test_deserialization_truncated_data" time="0.001" /><testcase classname="tests.unit.test_crypto.TestSerialization" name="test_deserialization_corrupted_flags" time="0.001" /><testcase classname="tests.unit.test_crypto.TestSkellamNoise" name="test_skellam_symmetric" time="0.002" /><testcase classname="tests.unit.test_crypto.TestSkellamNoise" name="test_skellam_variance" time="0.002" /><testcase classname="tests.unit.test_crypto.TestSkellamNoise" name="test_skellam_integer_output" time="0.001" /><testcase classname="tests.unit.test_crypto.TestN2HEEncryptor" name="test_encryptor_initialization" time="0.001" /><testcase classname="tests.unit.test_crypto.TestN2HEEncryptor" name="test_encryptor_with_existing_key" time="0.004" /><testcase classname="tests.unit.test_crypto.TestN2HEEncryptor" name="test_encrypt_decrypt_bytes" time="0.112" /><testcase classname="tests.unit.test_crypto.TestN2HEEncryptor" name="test_key_rotation_on_max_uses" time="0.288" /><testcase classname="tests.unit.test_crypto.TestN2HEParams" name="test_default_params" time="0.000" /><testcase classname="tests.unit.test_crypto.TestN2HEParams" name="test_delta_calculation" time="0.000" /><testcase classname="tests.unit.test_crypto.TestN2HEParams" name="test_custom_security_level" time="0.000" /><testcase classname="tests.unit.test_identity.TestPolicyEngine" name="test_certificate_expired" time="0.001" /><testcase classname="tests.unit.test_identity.TestPolicyEngine" name="test_eku_conflict_detection" time="0.001" /><testcase classname="tests.unit.test_identity.TestPolicyEngine" name="test_weak_key_detection" time="0.001" /><testcase classname="tests.unit.test_identity.TestPolicyEngine" name="test_compliant_certificate" time="0.001" /><testcase classname="tests.unit.test_identity.TestAuditService" name="test_hash_chain_integrity" time="0.002" /><testcase classname="tests.unit.test_identity.TestAuditService" name="test_payload_hash_computation" time="0.000" /><testcase classname="tests.unit.test_identity.TestRenewalScheduler" name="test_job_creation_idempotent" time="0.001" /><testcase classname="tests.unit.test_identity.TestRenewalScheduler" name="test_job_state_transitions" time="0.001" /><testcase classname="tests.unit.test_identity.TestCSRGenerator" name="test_key_generation" time="0.014" /><testcase classname="tests.unit.test_identity.TestCSRGenerator" name="test_csr_generation" time="0.082" /><testcase classname="tests.unit.test_identity.TestInventoryService" name="test_expiry_bucketing" time="0.001" /><testcase classname="tests.unit.test_pipeline.TestRandomSparsification" name="test_sparsity_ratio" time="0.001" /><testcase classname="tests.unit.test_pipeline.TestRandomSparsification" name="test_zero_ratio_error" time="0.000" /><testcase classname="tests.unit.test_pipeline.TestRandomSparsification" name="test_over_one_ratio_error" time="0.000" /><testcase classname="tests.unit.test_pipeline.TestRandomSparsification" name="test_randomness" time="0.001" /><testcase classname="tests.unit.test_pipeline.TestRandomSparsification" name="test_empty_gradient" time="0.001" /><testcase classname="tests.unit.test_rtpl.TestConvolutionDetector" name="test_default_kernels_exist" time="0.653" /><testcase classname="tests.unit.test_rtpl.TestConvolutionDetector" name="test_convolve_detects_pattern" time="0.001" /><testcase classname="tests.unit.test_rtpl.TestConvolutionDetector" name="test_threshold_sweep" time="0.001" /><testcase classname="tests.unit.test_rtpl.TestCorrelationDetector" name="test_correlation_coefficient_range" time="0.001" /><testcase classname="tests.unit.test_rtpl.TestCorrelationDetector" name="test_perfect_correlation" time="0.001" /><testcase classname="tests.unit.test_rtpl.TestFeatureExtractor" name="test_feature_vector_length" time="0.005" /><testcase classname="tests.unit.test_rtpl.TestPaddingDefense" name="test_padding_increases_size" time="0.002" /><testcase classname="tests.unit.test_rtpl.TestPaddingDefense" name="test_padding_roundtrip" time="0.000" /><testcase classname="tests.unit.test_rtpl.TestPaddingDefense" name="test_overhead_curve" time="0.000"><skipped type="pytest.skip" message="overhead_curve removed from production PaddingOnly">C:\Users\lover\.gemini\antigravity\playground\shadow-intergalactic\TensorGuardFlow\tests\unit\test_rtpl.py:125: overhead_curve removed from production PaddingOnly</skipped></testcase><testcase classname="tests.unit.test_rtpl.TestFRONTDefense" name="test_defend_adds_packets" time="0.001" /><testcase classname="tests.unit.test_rtpl.TestFRONTDefense" name="test_rayleigh_timestamps" time="0.001" /><testcase classname="tests.unit.test_rtpl.TestWTFPADDefense" name="test_histogram_sampling" time="0.004" /><testcase classname="tests.unit.test_rtpl.TestWTFPADDefense" name="test_simulate_defense" time="0.000"><skipped type="pytest.skip" message="simulate_defense removed from production WTFPAD">C:\Users\lover\.gemini\antigravity\playground\shadow-intergalactic\TensorGuardFlow\tests\unit\test_rtpl.py:183: simulate_defense removed from production WTFPAD</skipped></testcase><testcase classname="tests.unit.test_rtpl.TestDeterminismGuard" name="test_passes_within_bounds" time="0.002" /><testcase classname="tests.unit.test_rtpl.TestDeterminismGuard" name="test_fails_over_bounds" time="0.000" /><testcase classname="tests.unit.test_rtpl.TestDeterminismGuard" name="test_profiles_exist" time="0.000" /><testcase classname="tests.unit.test_rtpl.TestSyntheticDataset" name="test_generate_action_trace" time="0.003" /><testcase classname="tests.unit.test_rtpl.TestSyntheticDataset" name="test_generate_dataset" time="0.012" /><testcase classname="tests.unit.test_tgsp_core.TestTGSPCore" name="test_tgsp_roundtrip_complete" time="0.107" /><testcase classname="tests.unit.test_tgsp_core.TestTGSPCore" name="test_tgsp_incorrect_signature_fails_verification" time="0.041" /><testcase classname="tests.unit.test_tgsp_core.TestTGSPCore" name="test_tgsp_wrong_recipient_cannot_decrypt" time="0.075" /></testsuite></testsuites>