<?xml version="1.0" encoding="utf-8"?><testsuites name="pytest tests"><testsuite name="pytest" errors="8" failures="0" skipped="0" tests="8" time="7.100" timestamp="2026-01-04T12:23:56.924006+08:00" hostname="danielfoojunwei"><testcase classname="" name="tests.integration.test_bench_evidence" time="0.000"><error message="collection failure">ImportError while importing test module 'C:\Users\lover\.gemini\antigravity\playground\shadow-intergalactic\TensorGuardFlow\tests\integration\test_bench_evidence.py'.
Hint: make sure your test modules/packages have valid Python names.
Traceback:
C:\Python313\Lib\importlib\__init__.py:88: in import_module
    return _bootstrap._gcd_import(name[level:], package, level)
           ^^^^^^^^^^^^^^^^^^^^^^^^^^^^^^^^^^^^^^^^^^^^^^^^^^^^
tests\integration\test_bench_evidence.py:6: in &lt;module&gt;
    from tensorguard.bench.cli import run_report
E   ModuleNotFoundError: No module named 'tensorguard'</error></testcase><testcase classname="" name="tests.integration.test_platform_api" time="0.000"><error message="collection failure">ImportError while importing test module 'C:\Users\lover\.gemini\antigravity\playground\shadow-intergalactic\TensorGuardFlow\tests\integration\test_platform_api.py'.
Hint: make sure your test modules/packages have valid Python names.
Traceback:
C:\Python313\Lib\importlib\__init__.py:88: in import_module
    return _bootstrap._gcd_import(name[level:], package, level)
           ^^^^^^^^^^^^^^^^^^^^^^^^^^^^^^^^^^^^^^^^^^^^^^^^^^^^
tests\integration\test_platform_api.py:10: in &lt;module&gt;
    from tensorguard.platform.main import app
E   ModuleNotFoundError: No module named 'tensorguard'</error></testcase><testcase classname="" name="tests.integration.test_tgsp" time="0.000"><error message="collection failure">ImportError while importing test module 'C:\Users\lover\.gemini\antigravity\playground\shadow-intergalactic\TensorGuardFlow\tests\integration\test_tgsp.py'.
Hint: make sure your test modules/packages have valid Python names.
Traceback:
C:\Python313\Lib\importlib\__init__.py:88: in import_module
    return _bootstrap._gcd_import(name[level:], package, level)
           ^^^^^^^^^^^^^^^^^^^^^^^^^^^^^^^^^^^^^^^^^^^^^^^^^^^^
tests\integration\test_tgsp.py:6: in &lt;module&gt;
    from tensorguard.tgsp import manifest, crypto, cli, spec
E   ModuleNotFoundError: No module named 'tensorguard'</error></testcase><testcase classname="" name="tests.integration.test_tgsp_platform" time="0.000"><error message="collection failure">ImportError while importing test module 'C:\Users\lover\.gemini\antigravity\playground\shadow-intergalactic\TensorGuardFlow\tests\integration\test_tgsp_platform.py'.
Hint: make sure your test modules/packages have valid Python names.
Traceback:
C:\Python313\Lib\importlib\__init__.py:88: in import_module
    return _bootstrap._gcd_import(name[level:], package, level)
           ^^^^^^^^^^^^^^^^^^^^^^^^^^^^^^^^^^^^^^^^^^^^^^^^^^^^
tests\integration\test_tgsp_platform.py:4: in &lt;module&gt;
    from tensorguard.platform.main import app
E   ModuleNotFoundError: No module named 'tensorguard'</error></testcase><testcase classname="" name="tests.security.test_platform_security" time="0.000"><error message="collection failure">ImportError while importing test module 'C:\Users\lover\.gemini\antigravity\playground\shadow-intergalactic\TensorGuardFlow\tests\security\test_platform_security.py'.
Hint: make sure your test modules/packages have valid Python names.
Traceback:
C:\Python313\Lib\importlib\__init__.py:88: in import_module
    return _bootstrap._gcd_import(name[level:], package, level)
           ^^^^^^^^^^^^^^^^^^^^^^^^^^^^^^^^^^^^^^^^^^^^^^^^^^^^
tests\security\test_platform_security.py:5: in &lt;module&gt;
    from tensorguard.platform.main import app
E   ModuleNotFoundError: No module named 'tensorguard'</error></testcase><testcase classname="" name="tests.security.test_quantum_safety" time="0.000"><error message="collection failure">ImportError while importing test module 'C:\Users\lover\.gemini\antigravity\playground\shadow-intergalactic\TensorGuardFlow\tests\security\test_quantum_safety.py'.
Hint: make sure your test modules/packages have valid Python names.
Traceback:
C:\Python313\Lib\importlib\__init__.py:88: in import_module
    return _bootstrap._gcd_import(name[level:], package, level)
           ^^^^^^^^^^^^^^^^^^^^^^^^^^^^^^^^^^^^^^^^^^^^^^^^^^^^
tests\security\test_quantum_safety.py:5: in &lt;module&gt;
    from tensorguard.crypto.kem import generate_hybrid_keypair, encap_hybrid, decap_hybrid
E   ModuleNotFoundError: No module named 'tensorguard'</error></testcase><testcase classname="" name="tests.test_edge_resilience" time="0.000"><error message="collection failure">ImportError while importing test module 'C:\Users\lover\.gemini\antigravity\playground\shadow-intergalactic\TensorGuardFlow\tests\test_edge_resilience.py'.
Hint: make sure your test modules/packages have valid Python names.
Traceback:
C:\Python313\Lib\importlib\__init__.py:88: in import_module
    return _bootstrap._gcd_import(name[level:], package, level)
           ^^^^^^^^^^^^^^^^^^^^^^^^^^^^^^^^^^^^^^^^^^^^^^^^^^^^
tests\test_edge_resilience.py:4: in &lt;module&gt;
    from tensorguard.edge.tgsp_client import TGSPEdgeClient, TGSPClientError
E   ModuleNotFoundError: No module named 'tensorguard'</error></testcase><testcase classname="" name="tests.test_moai_flow" time="0.000"><error message="collection failure">ImportError while importing test module 'C:\Users\lover\.gemini\antigravity\playground\shadow-intergalactic\TensorGuardFlow\tests\test_moai_flow.py'.
Hint: make sure your test modules/packages have valid Python names.
Traceback:
C:\Python313\Lib\importlib\__init__.py:88: in import_module
    return _bootstrap._gcd_import(name[level:], package, level)
           ^^^^^^^^^^^^^^^^^^^^^^^^^^^^^^^^^^^^^^^^^^^^^^^^^^^^
tests\test_moai_flow.py:6: in &lt;module&gt;
    from tensorguard.moai.moai_config import MoaiConfig
E   ModuleNotFoundError: No module named 'tensorguard'</error></testcase></testsuite></testsuites>